<?xml version="1.0" encoding="UTF-8"?>
<!-- Generated by org.testng.reporters.JUnitReportReporter -->
<testsuite skipped="0" hostname="cltxdfus7130" name="fusion.regression.crm.triagedistribution.TriageDistributionRegression01" tests="1" failures="0" timestamp="05 Feb 2018 09:58:30 GMT" time="703.606" errors="0">
  <testcase name="triageDistributionRegression01" time="703.606" classname="fusion.regression.crm.triagedistribution.TriageDistributionRegression01"/>
</testsuite> <!-- fusion.regression.crm.triagedistribution.TriageDistributionRegression01 -->
