<?xml version="1.0" encoding="UTF-8"?>
<!-- Generated by org.testng.reporters.JUnitReportReporter -->
<testsuite skipped="0" hostname="cltxdfus7130" name="fusion.regression.crm.benefitverification.BenefitVerificationRegression02" tests="1" failures="0" timestamp="11 Jan 2018 12:59:44 GMT" time="303.823" errors="0">
  <testcase name="benefitVerificationRegression02" time="303.823" classname="fusion.regression.crm.benefitverification.BenefitVerificationRegression02"/>
</testsuite> <!-- fusion.regression.crm.benefitverification.BenefitVerificationRegression02 -->
